<?xml version="1.0" encoding="UTF-8"?>
<!-- Generated by org.testng.reporters.JUnitReportReporter -->
<testsuite hostname="LAPTOP-2V4REOUB" name="Gmail.MyGmail" tests="1" failures="0" timestamp="28 Jun 2019 17:28:25 GMT" time="14.996" errors="0">
  <testcase name="searchGMail" time="14.996" classname="Gmail.MyGmail"/>
</testsuite> <!-- Gmail.MyGmail -->
